{"C:\\Users\\grigo\\OneDrive\\Documents\\HodeKode Projects\\sticky_server\\backend\\src\\services\\note_service.js": {"path":"C:\\Users\\grigo\\OneDrive\\Documents\\HodeKode Projects\\sticky_server\\backend\\src\\services\\note_service.js","statementMap":{"0":{"start":{"line":5,"column":19},"end":{"line":9,"column":5}},"1":{"start":{"line":10,"column":4},"end":{"line":10,"column":18}},"2":{"start":{"line":16,"column":4},"end":{"line":19,"column":6}},"3":{"start":{"line":25,"column":4},"end":{"line":28,"column":6}},"4":{"start":{"line":34,"column":4},"end":{"line":37,"column":6}},"5":{"start":{"line":43,"column":4},"end":{"line":46,"column":6}},"6":{"start":{"line":52,"column":24},"end":{"line":52,"column":76}},"7":{"start":{"line":53,"column":23},"end":{"line":53,"column":40}},"8":{"start":{"line":55,"column":18},"end":{"line":61,"column":5}},"9":{"start":{"line":63,"column":4},"end":{"line":63,"column":33}},"10":{"start":{"line":68,"column":4},"end":{"line":71,"column":6}},"11":{"start":{"line":76,"column":25},"end":{"line":76,"column":81}},"12":{"start":{"line":78,"column":4},"end":{"line":78,"column":28}}},"fnMap":{"0":{"name":"createNote","decl":{"start":{"line":4,"column":22},"end":{"line":4,"column":32}},"loc":{"start":{"line":4,"column":61},"end":{"line":11,"column":1}},"line":4},"1":{"name":"getNoteById","decl":{"start":{"line":14,"column":22},"end":{"line":14,"column":33}},"loc":{"start":{"line":14,"column":50},"end":{"line":20,"column":1}},"line":14},"2":{"name":"getAllNotes","decl":{"start":{"line":23,"column":22},"end":{"line":23,"column":33}},"loc":{"start":{"line":23,"column":42},"end":{"line":29,"column":1}},"line":23},"3":{"name":"updateNote","decl":{"start":{"line":32,"column":22},"end":{"line":32,"column":32}},"loc":{"start":{"line":32,"column":69},"end":{"line":38,"column":1}},"line":32},"4":{"name":"deleteNote","decl":{"start":{"line":41,"column":22},"end":{"line":41,"column":32}},"loc":{"start":{"line":41,"column":49},"end":{"line":47,"column":1}},"line":41},"5":{"name":"adminGetAllNotes","decl":{"start":{"line":50,"column":22},"end":{"line":50,"column":38}},"loc":{"start":{"line":50,"column":54},"end":{"line":64,"column":1}},"line":50},"6":{"name":"adminGetNoteById","decl":{"start":{"line":67,"column":22},"end":{"line":67,"column":38}},"loc":{"start":{"line":67,"column":47},"end":{"line":72,"column":1}},"line":67},"7":{"name":"adminDeleteNote","decl":{"start":{"line":75,"column":22},"end":{"line":75,"column":37}},"loc":{"start":{"line":75,"column":46},"end":{"line":79,"column":1}},"line":75}},"branchMap":{},"s":{"0":2,"1":2,"2":2,"3":1,"4":2,"5":2,"6":0,"7":0,"8":0,"9":0,"10":0,"11":0,"12":0},"f":{"0":2,"1":2,"2":1,"3":2,"4":2,"5":0,"6":0,"7":0},"b":{},"_coverageSchema":"1a1c01bbd47fc00a2c39e90264f33305004495a9","hash":"a33545f57003f2ab28e61340cb534587f47c383a"}
,"C:\\Users\\grigo\\OneDrive\\Documents\\HodeKode Projects\\sticky_server\\backend\\src\\services\\order_service.js": {"path":"C:\\Users\\grigo\\OneDrive\\Documents\\HodeKode Projects\\sticky_server\\backend\\src\\services\\order_service.js","statementMap":{"0":{"start":{"line":5,"column":26},"end":{"line":38,"column":1}},"1":{"start":{"line":6,"column":22},"end":{"line":6,"column":23}},"2":{"start":{"line":7,"column":23},"end":{"line":7,"column":25}},"3":{"start":{"line":9,"column":4},"end":{"line":27,"column":5}},"4":{"start":{"line":11,"column":24},"end":{"line":11,"column":75}},"5":{"start":{"line":13,"column":8},"end":{"line":15,"column":9}},"6":{"start":{"line":14,"column":12},"end":{"line":14,"column":75}},"7":{"start":{"line":17,"column":26},"end":{"line":17,"column":55}},"8":{"start":{"line":18,"column":8},"end":{"line":18,"column":33}},"9":{"start":{"line":20,"column":8},"end":{"line":26,"column":11}},"10":{"start":{"line":30,"column":25},"end":{"line":35,"column":5}},"11":{"start":{"line":37,"column":4},"end":{"line":37,"column":24}},"12":{"start":{"line":41,"column":23},"end":{"line":57,"column":1}},"13":{"start":{"line":42,"column":4},"end":{"line":42,"column":44}},"14":{"start":{"line":42,"column":32},"end":{"line":42,"column":44}},"15":{"start":{"line":43,"column":4},"end":{"line":56,"column":5}},"16":{"start":{"line":44,"column":24},"end":{"line":44,"column":48}},"17":{"start":{"line":45,"column":8},"end":{"line":47,"column":9}},"18":{"start":{"line":46,"column":12},"end":{"line":46,"column":24}},"19":{"start":{"line":48,"column":8},"end":{"line":53,"column":10}},"20":{"start":{"line":55,"column":8},"end":{"line":55,"column":20}},"21":{"start":{"line":61,"column":4},"end":{"line":63,"column":5}},"22":{"start":{"line":62,"column":8},"end":{"line":62,"column":65}},"23":{"start":{"line":65,"column":25},"end":{"line":65,"column":55}},"24":{"start":{"line":67,"column":21},"end":{"line":72,"column":5}},"25":{"start":{"line":74,"column":4},"end":{"line":74,"column":52}},"26":{"start":{"line":79,"column":17},"end":{"line":79,"column":63}},"27":{"start":{"line":80,"column":4},"end":{"line":80,"column":32}},"28":{"start":{"line":85,"column":18},"end":{"line":85,"column":55}},"29":{"start":{"line":86,"column":4},"end":{"line":89,"column":41}},"30":{"start":{"line":87,"column":24},"end":{"line":87,"column":37}},"31":{"start":{"line":89,"column":25},"end":{"line":89,"column":39}},"32":{"start":{"line":94,"column":24},"end":{"line":94,"column":57}},"33":{"start":{"line":96,"column":34},"end":{"line":96,"column":83}},"34":{"start":{"line":98,"column":25},"end":{"line":100,"column":40}},"35":{"start":{"line":99,"column":21},"end":{"line":99,"column":41}},"36":{"start":{"line":100,"column":25},"end":{"line":100,"column":39}},"37":{"start":{"line":102,"column":4},"end":{"line":102,"column":48}},"38":{"start":{"line":107,"column":17},"end":{"line":107,"column":60}},"39":{"start":{"line":109,"column":4},"end":{"line":109,"column":27}},"40":{"start":{"line":109,"column":15},"end":{"line":109,"column":27}},"41":{"start":{"line":110,"column":24},"end":{"line":110,"column":44}},"42":{"start":{"line":111,"column":4},"end":{"line":111,"column":23}}},"fnMap":{"0":{"name":"(anonymous_0)","decl":{"start":{"line":5,"column":26},"end":{"line":5,"column":27}},"loc":{"start":{"line":5,"column":43},"end":{"line":38,"column":1}},"line":5},"1":{"name":"(anonymous_1)","decl":{"start":{"line":41,"column":23},"end":{"line":41,"column":24}},"loc":{"start":{"line":41,"column":33},"end":{"line":57,"column":1}},"line":41},"2":{"name":"createOrder","decl":{"start":{"line":60,"column":22},"end":{"line":60,"column":33}},"loc":{"start":{"line":60,"column":49},"end":{"line":75,"column":1}},"line":60},"3":{"name":"getOrderById","decl":{"start":{"line":78,"column":22},"end":{"line":78,"column":34}},"loc":{"start":{"line":78,"column":52},"end":{"line":81,"column":1}},"line":78},"4":{"name":"getAllOrders","decl":{"start":{"line":84,"column":22},"end":{"line":84,"column":34}},"loc":{"start":{"line":84,"column":43},"end":{"line":90,"column":1}},"line":84},"5":{"name":"(anonymous_5)","decl":{"start":{"line":87,"column":16},"end":{"line":87,"column":17}},"loc":{"start":{"line":87,"column":24},"end":{"line":87,"column":37}},"line":87},"6":{"name":"(anonymous_6)","decl":{"start":{"line":89,"column":16},"end":{"line":89,"column":17}},"loc":{"start":{"line":89,"column":25},"end":{"line":89,"column":39}},"line":89},"7":{"name":"adminGetAllOrders","decl":{"start":{"line":93,"column":22},"end":{"line":93,"column":39}},"loc":{"start":{"line":93,"column":55},"end":{"line":103,"column":1}},"line":93},"8":{"name":"(anonymous_8)","decl":{"start":{"line":99,"column":13},"end":{"line":99,"column":14}},"loc":{"start":{"line":99,"column":21},"end":{"line":99,"column":41}},"line":99},"9":{"name":"(anonymous_9)","decl":{"start":{"line":100,"column":16},"end":{"line":100,"column":17}},"loc":{"start":{"line":100,"column":25},"end":{"line":100,"column":39}},"line":100},"10":{"name":"adminGetOrderById","decl":{"start":{"line":106,"column":22},"end":{"line":106,"column":39}},"loc":{"start":{"line":106,"column":49},"end":{"line":112,"column":1}},"line":106}},"branchMap":{"0":{"loc":{"start":{"line":13,"column":8},"end":{"line":15,"column":9}},"type":"if","locations":[{"start":{"line":13,"column":8},"end":{"line":15,"column":9}},{"start":{},"end":{}}],"line":13},"1":{"loc":{"start":{"line":13,"column":12},"end":{"line":13,"column":47}},"type":"binary-expr","locations":[{"start":{"line":13,"column":12},"end":{"line":13,"column":20}},{"start":{"line":13,"column":24},"end":{"line":13,"column":47}}],"line":13},"2":{"loc":{"start":{"line":42,"column":4},"end":{"line":42,"column":44}},"type":"if","locations":[{"start":{"line":42,"column":4},"end":{"line":42,"column":44}},{"start":{},"end":{}}],"line":42},"3":{"loc":{"start":{"line":42,"column":8},"end":{"line":42,"column":30}},"type":"binary-expr","locations":[{"start":{"line":42,"column":8},"end":{"line":42,"column":13}},{"start":{"line":42,"column":17},"end":{"line":42,"column":30}}],"line":42},"4":{"loc":{"start":{"line":45,"column":8},"end":{"line":47,"column":9}},"type":"if","locations":[{"start":{"line":45,"column":8},"end":{"line":47,"column":9}},{"start":{},"end":{}}],"line":45},"5":{"loc":{"start":{"line":45,"column":12},"end":{"line":45,"column":57}},"type":"binary-expr","locations":[{"start":{"line":45,"column":12},"end":{"line":45,"column":33}},{"start":{"line":45,"column":37},"end":{"line":45,"column":57}}],"line":45},"6":{"loc":{"start":{"line":61,"column":4},"end":{"line":63,"column":5}},"type":"if","locations":[{"start":{"line":61,"column":4},"end":{"line":63,"column":5}},{"start":{},"end":{}}],"line":61},"7":{"loc":{"start":{"line":61,"column":8},"end":{"line":61,"column":36}},"type":"binary-expr","locations":[{"start":{"line":61,"column":8},"end":{"line":61,"column":14}},{"start":{"line":61,"column":18},"end":{"line":61,"column":36}}],"line":61},"8":{"loc":{"start":{"line":109,"column":4},"end":{"line":109,"column":27}},"type":"if","locations":[{"start":{"line":109,"column":4},"end":{"line":109,"column":27}},{"start":{},"end":{}}],"line":109}},"s":{"0":1,"1":3,"2":3,"3":3,"4":4,"5":4,"6":2,"7":2,"8":2,"9":2,"10":1,"11":1,"12":1,"13":7,"14":1,"15":6,"16":6,"17":3,"18":0,"19":3,"20":3,"21":3,"22":0,"23":3,"24":1,"25":1,"26":4,"27":4,"28":1,"29":1,"30":3,"31":3,"32":0,"33":0,"34":0,"35":0,"36":0,"37":0,"38":0,"39":0,"40":0,"41":0,"42":0},"f":{"0":3,"1":7,"2":3,"3":4,"4":1,"5":3,"6":3,"7":0,"8":0,"9":0,"10":0},"b":{"0":[2,2],"1":[4,3],"2":[1,6],"3":[7,6],"4":[0,3],"5":[3,3],"6":[0,3],"7":[3,3],"8":[0,0]},"_coverageSchema":"1a1c01bbd47fc00a2c39e90264f33305004495a9","hash":"17ce91c35924d47f33e075835c8e604704518716"}
,"C:\\Users\\grigo\\OneDrive\\Documents\\HodeKode Projects\\sticky_server\\backend\\src\\services\\product_service.js": {"path":"C:\\Users\\grigo\\OneDrive\\Documents\\HodeKode Projects\\sticky_server\\backend\\src\\services\\product_service.js","statementMap":{"0":{"start":{"line":7,"column":4},"end":{"line":13,"column":6}},"1":{"start":{"line":21,"column":4},"end":{"line":21,"column":69}},"2":{"start":{"line":26,"column":19},"end":{"line":31,"column":5}},"3":{"start":{"line":32,"column":4},"end":{"line":32,"column":18}},"4":{"start":{"line":37,"column":20},"end":{"line":37,"column":22}},"5":{"start":{"line":38,"column":19},"end":{"line":38,"column":21}},"6":{"start":{"line":41,"column":4},"end":{"line":41,"column":76}},"7":{"start":{"line":41,"column":30},"end":{"line":41,"column":55}},"8":{"start":{"line":41,"column":56},"end":{"line":41,"column":74}},"9":{"start":{"line":42,"column":4},"end":{"line":42,"column":97}},"10":{"start":{"line":42,"column":37},"end":{"line":42,"column":69}},"11":{"start":{"line":42,"column":70},"end":{"line":42,"column":95}},"12":{"start":{"line":43,"column":4},"end":{"line":43,"column":79}},"13":{"start":{"line":43,"column":31},"end":{"line":43,"column":57}},"14":{"start":{"line":43,"column":58},"end":{"line":43,"column":77}},"15":{"start":{"line":44,"column":4},"end":{"line":44,"column":88}},"16":{"start":{"line":44,"column":34},"end":{"line":44,"column":63}},"17":{"start":{"line":44,"column":64},"end":{"line":44,"column":86}},"18":{"start":{"line":45,"column":4},"end":{"line":45,"column":76}},"19":{"start":{"line":45,"column":30},"end":{"line":45,"column":55}},"20":{"start":{"line":45,"column":56},"end":{"line":45,"column":74}},"21":{"start":{"line":46,"column":4},"end":{"line":46,"column":94}},"22":{"start":{"line":46,"column":36},"end":{"line":46,"column":67}},"23":{"start":{"line":46,"column":68},"end":{"line":46,"column":92}},"24":{"start":{"line":47,"column":4},"end":{"line":47,"column":91}},"25":{"start":{"line":47,"column":35},"end":{"line":47,"column":65}},"26":{"start":{"line":47,"column":66},"end":{"line":47,"column":89}},"27":{"start":{"line":48,"column":4},"end":{"line":48,"column":99}},"28":{"start":{"line":48,"column":35},"end":{"line":48,"column":65}},"29":{"start":{"line":48,"column":66},"end":{"line":48,"column":97}},"30":{"start":{"line":50,"column":4},"end":{"line":50,"column":42}},"31":{"start":{"line":50,"column":30},"end":{"line":50,"column":42}},"32":{"start":{"line":52,"column":16},"end":{"line":52,"column":104}},"33":{"start":{"line":53,"column":4},"end":{"line":53,"column":27}},"34":{"start":{"line":55,"column":25},"end":{"line":55,"column":50}},"35":{"start":{"line":57,"column":4},"end":{"line":57,"column":28}},"36":{"start":{"line":62,"column":25},"end":{"line":62,"column":87}},"37":{"start":{"line":64,"column":4},"end":{"line":64,"column":28}},"38":{"start":{"line":69,"column":4},"end":{"line":74,"column":6}}},"fnMap":{"0":{"name":"getActiveProducts","decl":{"start":{"line":6,"column":22},"end":{"line":6,"column":39}},"loc":{"start":{"line":6,"column":42},"end":{"line":14,"column":1}},"line":6},"1":{"name":"getAllProductsAdmin","decl":{"start":{"line":19,"column":22},"end":{"line":19,"column":41}},"loc":{"start":{"line":19,"column":44},"end":{"line":22,"column":1}},"line":19},"2":{"name":"createProduct","decl":{"start":{"line":25,"column":22},"end":{"line":25,"column":35}},"loc":{"start":{"line":25,"column":132},"end":{"line":33,"column":1}},"line":25},"3":{"name":"updateProduct","decl":{"start":{"line":36,"column":22},"end":{"line":36,"column":35}},"loc":{"start":{"line":36,"column":127},"end":{"line":58,"column":1}},"line":36},"4":{"name":"deleteProduct","decl":{"start":{"line":61,"column":22},"end":{"line":61,"column":35}},"loc":{"start":{"line":61,"column":47},"end":{"line":65,"column":1}},"line":61},"5":{"name":"getProductById","decl":{"start":{"line":68,"column":22},"end":{"line":68,"column":36}},"loc":{"start":{"line":68,"column":48},"end":{"line":75,"column":1}},"line":68}},"branchMap":{"0":{"loc":{"start":{"line":25,"column":112},"end":{"line":25,"column":128}},"type":"default-arg","locations":[{"start":{"line":25,"column":124},"end":{"line":25,"column":128}}],"line":25},"1":{"loc":{"start":{"line":30,"column":15},"end":{"line":30,"column":34}},"type":"binary-expr","locations":[{"start":{"line":30,"column":15},"end":{"line":30,"column":26}},{"start":{"line":30,"column":30},"end":{"line":30,"column":34}}],"line":30},"2":{"loc":{"start":{"line":30,"column":43},"end":{"line":30,"column":59}},"type":"binary-expr","locations":[{"start":{"line":30,"column":43},"end":{"line":30,"column":51}},{"start":{"line":30,"column":55},"end":{"line":30,"column":59}}],"line":30},"3":{"loc":{"start":{"line":30,"column":61},"end":{"line":30,"column":73}},"type":"binary-expr","locations":[{"start":{"line":30,"column":61},"end":{"line":30,"column":65}},{"start":{"line":30,"column":69},"end":{"line":30,"column":73}}],"line":30},"4":{"loc":{"start":{"line":30,"column":75},"end":{"line":30,"column":93}},"type":"binary-expr","locations":[{"start":{"line":30,"column":75},"end":{"line":30,"column":85}},{"start":{"line":30,"column":89},"end":{"line":30,"column":93}}],"line":30},"5":{"loc":{"start":{"line":30,"column":95},"end":{"line":30,"column":112}},"type":"binary-expr","locations":[{"start":{"line":30,"column":95},"end":{"line":30,"column":104}},{"start":{"line":30,"column":108},"end":{"line":30,"column":112}}],"line":30},"6":{"loc":{"start":{"line":30,"column":114},"end":{"line":30,"column":131}},"type":"cond-expr","locations":[{"start":{"line":30,"column":126},"end":{"line":30,"column":127}},{"start":{"line":30,"column":130},"end":{"line":30,"column":131}}],"line":30},"7":{"loc":{"start":{"line":41,"column":4},"end":{"line":41,"column":76}},"type":"if","locations":[{"start":{"line":41,"column":4},"end":{"line":41,"column":76}},{"start":{},"end":{}}],"line":41},"8":{"loc":{"start":{"line":42,"column":4},"end":{"line":42,"column":97}},"type":"if","locations":[{"start":{"line":42,"column":4},"end":{"line":42,"column":97}},{"start":{},"end":{}}],"line":42},"9":{"loc":{"start":{"line":43,"column":4},"end":{"line":43,"column":79}},"type":"if","locations":[{"start":{"line":43,"column":4},"end":{"line":43,"column":79}},{"start":{},"end":{}}],"line":43},"10":{"loc":{"start":{"line":44,"column":4},"end":{"line":44,"column":88}},"type":"if","locations":[{"start":{"line":44,"column":4},"end":{"line":44,"column":88}},{"start":{},"end":{}}],"line":44},"11":{"loc":{"start":{"line":45,"column":4},"end":{"line":45,"column":76}},"type":"if","locations":[{"start":{"line":45,"column":4},"end":{"line":45,"column":76}},{"start":{},"end":{}}],"line":45},"12":{"loc":{"start":{"line":46,"column":4},"end":{"line":46,"column":94}},"type":"if","locations":[{"start":{"line":46,"column":4},"end":{"line":46,"column":94}},{"start":{},"end":{}}],"line":46},"13":{"loc":{"start":{"line":47,"column":4},"end":{"line":47,"column":91}},"type":"if","locations":[{"start":{"line":47,"column":4},"end":{"line":47,"column":91}},{"start":{},"end":{}}],"line":47},"14":{"loc":{"start":{"line":48,"column":4},"end":{"line":48,"column":99}},"type":"if","locations":[{"start":{"line":48,"column":4},"end":{"line":48,"column":99}},{"start":{},"end":{}}],"line":48},"15":{"loc":{"start":{"line":48,"column":78},"end":{"line":48,"column":95}},"type":"cond-expr","locations":[{"start":{"line":48,"column":90},"end":{"line":48,"column":91}},{"start":{"line":48,"column":94},"end":{"line":48,"column":95}}],"line":48},"16":{"loc":{"start":{"line":50,"column":4},"end":{"line":50,"column":42}},"type":"if","locations":[{"start":{"line":50,"column":4},"end":{"line":50,"column":42}},{"start":{},"end":{}}],"line":50}},"s":{"0":1,"1":1,"2":1,"3":1,"4":4,"5":4,"6":4,"7":2,"8":2,"9":4,"10":1,"11":1,"12":4,"13":1,"14":1,"15":4,"16":0,"17":0,"18":4,"19":0,"20":0,"21":4,"22":0,"23":0,"24":4,"25":0,"26":0,"27":4,"28":1,"29":1,"30":4,"31":1,"32":3,"33":3,"34":3,"35":3,"36":1,"37":1,"38":2},"f":{"0":1,"1":1,"2":1,"3":4,"4":1,"5":2},"b":{"0":[0],"1":[1,1],"2":[1,0],"3":[1,1],"4":[1,1],"5":[1,1],"6":[1,0],"7":[2,2],"8":[1,3],"9":[1,3],"10":[0,4],"11":[0,4],"12":[0,4],"13":[0,4],"14":[1,3],"15":[0,1],"16":[1,3]},"_coverageSchema":"1a1c01bbd47fc00a2c39e90264f33305004495a9","hash":"636e874a97c3c3c0f91d4ded308e9f8b6543a26b"}
,"C:\\Users\\grigo\\OneDrive\\Documents\\HodeKode Projects\\sticky_server\\backend\\src\\services\\user_service.js": {"path":"C:\\Users\\grigo\\OneDrive\\Documents\\HodeKode Projects\\sticky_server\\backend\\src\\services\\user_service.js","statementMap":{"0":{"start":{"line":4,"column":19},"end":{"line":4,"column":21}},"1":{"start":{"line":9,"column":25},"end":{"line":9,"column":92}},"2":{"start":{"line":10,"column":4},"end":{"line":12,"column":5}},"3":{"start":{"line":11,"column":8},"end":{"line":11,"column":20}},"4":{"start":{"line":14,"column":23},"end":{"line":14,"column":75}},"5":{"start":{"line":15,"column":24},"end":{"line":15,"column":46}},"6":{"start":{"line":17,"column":17},"end":{"line":17,"column":47}},"7":{"start":{"line":19,"column":25},"end":{"line":19,"column":64}},"8":{"start":{"line":21,"column":4},"end":{"line":30,"column":5}},"9":{"start":{"line":22,"column":23},"end":{"line":25,"column":9}},"10":{"start":{"line":26,"column":8},"end":{"line":26,"column":22}},"11":{"start":{"line":28,"column":8},"end":{"line":28,"column":69}},"12":{"start":{"line":29,"column":8},"end":{"line":29,"column":74}},"13":{"start":{"line":36,"column":17},"end":{"line":36,"column":115}},"14":{"start":{"line":37,"column":4},"end":{"line":39,"column":5}},"15":{"start":{"line":38,"column":8},"end":{"line":38,"column":20}},"16":{"start":{"line":41,"column":20},"end":{"line":41,"column":70}},"17":{"start":{"line":42,"column":4},"end":{"line":46,"column":5}},"18":{"start":{"line":44,"column":49},"end":{"line":44,"column":53}},"19":{"start":{"line":45,"column":8},"end":{"line":45,"column":26}},"20":{"start":{"line":47,"column":4},"end":{"line":47,"column":16}},"21":{"start":{"line":53,"column":17},"end":{"line":53,"column":76}},"22":{"start":{"line":54,"column":4},"end":{"line":56,"column":5}},"23":{"start":{"line":55,"column":8},"end":{"line":55,"column":21}},"24":{"start":{"line":58,"column":4},"end":{"line":58,"column":61}},"25":{"start":{"line":59,"column":4},"end":{"line":59,"column":16}},"26":{"start":{"line":65,"column":24},"end":{"line":65,"column":76}},"27":{"start":{"line":66,"column":23},"end":{"line":66,"column":40}},"28":{"start":{"line":68,"column":18},"end":{"line":74,"column":5}},"29":{"start":{"line":76,"column":4},"end":{"line":76,"column":33}},"30":{"start":{"line":81,"column":25},"end":{"line":81,"column":81}},"31":{"start":{"line":83,"column":4},"end":{"line":83,"column":28}}},"fnMap":{"0":{"name":"registerUser","decl":{"start":{"line":7,"column":22},"end":{"line":7,"column":34}},"loc":{"start":{"line":7,"column":55},"end":{"line":31,"column":1}},"line":7},"1":{"name":"authenticateUser","decl":{"start":{"line":34,"column":22},"end":{"line":34,"column":38}},"loc":{"start":{"line":34,"column":59},"end":{"line":48,"column":1}},"line":34},"2":{"name":"deleteUser","decl":{"start":{"line":51,"column":22},"end":{"line":51,"column":32}},"loc":{"start":{"line":51,"column":41},"end":{"line":60,"column":1}},"line":51},"3":{"name":"getAllUsers","decl":{"start":{"line":63,"column":22},"end":{"line":63,"column":33}},"loc":{"start":{"line":63,"column":49},"end":{"line":77,"column":1}},"line":63},"4":{"name":"deleteOwnAccount","decl":{"start":{"line":80,"column":22},"end":{"line":80,"column":38}},"loc":{"start":{"line":80,"column":47},"end":{"line":84,"column":1}},"line":80}},"branchMap":{"0":{"loc":{"start":{"line":10,"column":4},"end":{"line":12,"column":5}},"type":"if","locations":[{"start":{"line":10,"column":4},"end":{"line":12,"column":5}},{"start":{},"end":{}}],"line":10},"1":{"loc":{"start":{"line":17,"column":17},"end":{"line":17,"column":47}},"type":"cond-expr","locations":[{"start":{"line":17,"column":31},"end":{"line":17,"column":38}},{"start":{"line":17,"column":41},"end":{"line":17,"column":47}}],"line":17},"2":{"loc":{"start":{"line":37,"column":4},"end":{"line":39,"column":5}},"type":"if","locations":[{"start":{"line":37,"column":4},"end":{"line":39,"column":5}},{"start":{},"end":{}}],"line":37},"3":{"loc":{"start":{"line":42,"column":4},"end":{"line":46,"column":5}},"type":"if","locations":[{"start":{"line":42,"column":4},"end":{"line":46,"column":5}},{"start":{},"end":{}}],"line":42},"4":{"loc":{"start":{"line":54,"column":4},"end":{"line":56,"column":5}},"type":"if","locations":[{"start":{"line":54,"column":4},"end":{"line":56,"column":5}},{"start":{},"end":{}}],"line":54}},"s":{"0":3,"1":3,"2":3,"3":1,"4":2,"5":2,"6":2,"7":2,"8":2,"9":2,"10":2,"11":0,"12":0,"13":3,"14":3,"15":1,"16":2,"17":2,"18":1,"19":1,"20":1,"21":2,"22":2,"23":1,"24":1,"25":1,"26":0,"27":0,"28":0,"29":0,"30":0,"31":0},"f":{"0":3,"1":3,"2":2,"3":0,"4":0},"b":{"0":[1,2],"1":[1,1],"2":[1,2],"3":[1,1],"4":[1,1]},"_coverageSchema":"1a1c01bbd47fc00a2c39e90264f33305004495a9","hash":"78f0321c29516cc510d69616333f53edce33e1be"}
}
