TN:
SF:src\services\note_service.js
FN:4,createNote
FN:14,getNoteById
FN:23,getAllNotes
FN:32,updateNote
FN:41,deleteNote
FN:50,adminGetAllNotes
FN:67,adminDeleteNote
FNF:7
FNH:5
FNDA:2,createNote
FNDA:2,getNoteById
FNDA:1,getAllNotes
FNDA:2,updateNote
FNDA:2,deleteNote
FNDA:0,adminGetAllNotes
FNDA:0,adminDeleteNote
DA:5,2
DA:10,2
DA:16,2
DA:25,1
DA:34,2
DA:43,2
DA:52,0
DA:53,0
DA:55,0
DA:63,0
DA:68,0
DA:70,0
LF:12
LH:6
BRF:0
BRH:0
end_of_record
TN:
SF:src\services\order_service.js
FN:4,createStructuredOrder
FNF:1
FNH:0
FNDA:0,createStructuredOrder
DA:5,0
DA:6,0
DA:7,0
DA:9,0
DA:11,0
DA:13,0
DA:15,0
DA:16,0
DA:17,0
DA:20,0
DA:21,0
DA:23,0
DA:33,0
DA:41,0
LF:14
LH:0
BRDA:13,0,0,0
BRDA:13,0,1,0
BRDA:13,1,0,0
BRDA:13,1,1,0
BRF:4
BRH:0
end_of_record
TN:
SF:src\services\product_service.js
FN:6,getActiveProducts
FN:19,getAllProductsAdmin
FN:25,createProduct
FN:36,updateProduct
FN:61,deleteProduct
FN:68,getProductById
FNF:6
FNH:0
FNDA:0,getActiveProducts
FNDA:0,getAllProductsAdmin
FNDA:0,createProduct
FNDA:0,updateProduct
FNDA:0,deleteProduct
FNDA:0,getProductById
DA:7,0
DA:21,0
DA:26,0
DA:32,0
DA:37,0
DA:38,0
DA:41,0
DA:42,0
DA:43,0
DA:44,0
DA:45,0
DA:46,0
DA:47,0
DA:48,0
DA:50,0
DA:52,0
DA:53,0
DA:55,0
DA:57,0
DA:62,0
DA:64,0
DA:69,0
LF:22
LH:0
BRDA:25,0,0,0
BRDA:30,1,0,0
BRDA:30,1,1,0
BRDA:30,2,0,0
BRDA:30,2,1,0
BRDA:30,3,0,0
BRDA:30,3,1,0
BRDA:30,4,0,0
BRDA:30,4,1,0
BRDA:30,5,0,0
BRDA:30,5,1,0
BRDA:41,6,0,0
BRDA:41,6,1,0
BRDA:42,7,0,0
BRDA:42,7,1,0
BRDA:43,8,0,0
BRDA:43,8,1,0
BRDA:44,9,0,0
BRDA:44,9,1,0
BRDA:45,10,0,0
BRDA:45,10,1,0
BRDA:46,11,0,0
BRDA:46,11,1,0
BRDA:47,12,0,0
BRDA:47,12,1,0
BRDA:48,13,0,0
BRDA:48,13,1,0
BRDA:48,14,0,0
BRDA:48,14,1,0
BRDA:50,15,0,0
BRDA:50,15,1,0
BRF:31
BRH:0
end_of_record
TN:
SF:src\services\user_service.js
FN:7,registerUser
FN:34,authenticateUser
FN:51,deleteUser
FN:63,getAllUsers
FN:80,deleteOwnAccount
FNF:5
FNH:3
FNDA:3,registerUser
FNDA:4,authenticateUser
FNDA:2,deleteUser
FNDA:0,getAllUsers
FNDA:0,deleteOwnAccount
DA:4,1
DA:9,3
DA:10,3
DA:11,1
DA:14,2
DA:15,2
DA:17,2
DA:19,2
DA:21,2
DA:22,2
DA:26,2
DA:28,0
DA:29,0
DA:36,4
DA:37,4
DA:38,1
DA:41,3
DA:42,3
DA:44,2
DA:45,2
DA:47,1
DA:53,2
DA:54,2
DA:55,1
DA:58,1
DA:59,1
DA:65,0
DA:66,0
DA:68,0
DA:76,0
DA:81,0
DA:83,0
LF:32
LH:24
BRDA:10,0,0,1
BRDA:10,0,1,2
BRDA:17,1,0,1
BRDA:17,1,1,1
BRDA:37,2,0,1
BRDA:37,2,1,3
BRDA:42,3,0,2
BRDA:42,3,1,1
BRDA:54,4,0,1
BRDA:54,4,1,1
BRF:10
BRH:10
end_of_record
