TN:
SF:backend\src\services\note_service.js
FN:4,createNote
FN:14,getNoteById
FN:23,getAllNotes
FN:32,updateNote
FN:41,deleteNote
FN:50,adminGetAllNotes
FN:67,adminGetNoteById
FN:75,adminDeleteNote
FNF:8
FNH:5
FNDA:2,createNote
FNDA:2,getNoteById
FNDA:1,getAllNotes
FNDA:2,updateNote
FNDA:2,deleteNote
FNDA:0,adminGetAllNotes
FNDA:0,adminGetNoteById
FNDA:0,adminDeleteNote
DA:5,2
DA:10,2
DA:16,2
DA:25,1
DA:34,2
DA:43,2
DA:52,0
DA:53,0
DA:55,0
DA:63,0
DA:68,0
DA:76,0
DA:78,0
LF:13
LH:6
BRF:0
BRH:0
end_of_record
TN:
SF:backend\src\services\order_service.js
FN:5,(anonymous_0)
FN:41,(anonymous_1)
FN:60,createOrder
FN:78,getOrderById
FN:84,getAllOrders
FN:87,(anonymous_5)
FN:89,(anonymous_6)
FN:93,adminGetAllOrders
FN:99,(anonymous_8)
FN:100,(anonymous_9)
FN:106,adminGetOrderById
FNF:11
FNH:7
FNDA:3,(anonymous_0)
FNDA:7,(anonymous_1)
FNDA:3,createOrder
FNDA:4,getOrderById
FNDA:1,getAllOrders
FNDA:3,(anonymous_5)
FNDA:3,(anonymous_6)
FNDA:0,adminGetAllOrders
FNDA:0,(anonymous_8)
FNDA:0,(anonymous_9)
FNDA:0,adminGetOrderById
DA:5,1
DA:6,3
DA:7,3
DA:9,3
DA:11,4
DA:13,4
DA:14,2
DA:17,2
DA:18,2
DA:20,2
DA:30,1
DA:37,1
DA:41,1
DA:42,7
DA:43,6
DA:44,6
DA:45,3
DA:46,0
DA:48,3
DA:55,3
DA:61,3
DA:62,0
DA:65,3
DA:67,1
DA:74,1
DA:79,4
DA:80,4
DA:85,1
DA:86,1
DA:87,3
DA:89,3
DA:94,0
DA:96,0
DA:98,0
DA:99,0
DA:100,0
DA:102,0
DA:107,0
DA:109,0
DA:110,0
DA:111,0
LF:41
LH:29
BRDA:13,0,0,2
BRDA:13,0,1,2
BRDA:13,1,0,4
BRDA:13,1,1,3
BRDA:42,2,0,1
BRDA:42,2,1,6
BRDA:42,3,0,7
BRDA:42,3,1,6
BRDA:45,4,0,0
BRDA:45,4,1,3
BRDA:45,5,0,3
BRDA:45,5,1,3
BRDA:61,6,0,0
BRDA:61,6,1,3
BRDA:61,7,0,3
BRDA:61,7,1,3
BRDA:109,8,0,0
BRDA:109,8,1,0
BRF:18
BRH:14
end_of_record
TN:
SF:backend\src\services\product_service.js
FN:6,getActiveProducts
FN:19,getAllProductsAdmin
FN:25,createProduct
FN:36,updateProduct
FN:61,deleteProduct
FN:68,getProductById
FNF:6
FNH:6
FNDA:1,getActiveProducts
FNDA:1,getAllProductsAdmin
FNDA:1,createProduct
FNDA:4,updateProduct
FNDA:1,deleteProduct
FNDA:2,getProductById
DA:7,1
DA:21,1
DA:26,1
DA:32,1
DA:37,4
DA:38,4
DA:41,4
DA:42,4
DA:43,4
DA:44,4
DA:45,4
DA:46,4
DA:47,4
DA:48,4
DA:50,4
DA:52,3
DA:53,3
DA:55,3
DA:57,3
DA:62,1
DA:64,1
DA:69,2
LF:22
LH:22
BRDA:25,0,0,0
BRDA:30,1,0,1
BRDA:30,1,1,1
BRDA:30,2,0,1
BRDA:30,2,1,0
BRDA:30,3,0,1
BRDA:30,3,1,1
BRDA:30,4,0,1
BRDA:30,4,1,1
BRDA:30,5,0,1
BRDA:30,5,1,1
BRDA:30,6,0,1
BRDA:30,6,1,0
BRDA:41,7,0,2
BRDA:41,7,1,2
BRDA:42,8,0,1
BRDA:42,8,1,3
BRDA:43,9,0,1
BRDA:43,9,1,3
BRDA:44,10,0,0
BRDA:44,10,1,4
BRDA:45,11,0,0
BRDA:45,11,1,4
BRDA:46,12,0,0
BRDA:46,12,1,4
BRDA:47,13,0,0
BRDA:47,13,1,4
BRDA:48,14,0,1
BRDA:48,14,1,3
BRDA:48,15,0,0
BRDA:48,15,1,1
BRDA:50,16,0,1
BRDA:50,16,1,3
BRF:33
BRH:25
end_of_record
TN:
SF:backend\src\services\user_service.js
FN:7,registerUser
FN:34,authenticateUser
FN:51,deleteUser
FN:63,getAllUsers
FN:80,deleteOwnAccount
FNF:5
FNH:3
FNDA:3,registerUser
FNDA:3,authenticateUser
FNDA:2,deleteUser
FNDA:0,getAllUsers
FNDA:0,deleteOwnAccount
DA:4,3
DA:9,3
DA:10,3
DA:11,1
DA:14,2
DA:15,2
DA:17,2
DA:19,2
DA:21,2
DA:22,2
DA:26,2
DA:28,0
DA:29,0
DA:36,3
DA:37,3
DA:38,1
DA:41,2
DA:42,2
DA:44,1
DA:45,1
DA:47,1
DA:53,2
DA:54,2
DA:55,1
DA:58,1
DA:59,1
DA:65,0
DA:66,0
DA:68,0
DA:76,0
DA:81,0
DA:83,0
LF:32
LH:24
BRDA:10,0,0,1
BRDA:10,0,1,2
BRDA:17,1,0,1
BRDA:17,1,1,1
BRDA:37,2,0,1
BRDA:37,2,1,2
BRDA:42,3,0,1
BRDA:42,3,1,1
BRDA:54,4,0,1
BRDA:54,4,1,1
BRF:10
BRH:10
end_of_record
